<?xml version='1.0' encoding='UTF-8'?>
<testsuite hostname="Air-Donald-Lamaj-M1.local" name="ergast.F1Spec" tests="4" errors="0" failures="0" skipped="0" time="4.674" timestamp="2021-05-24T18:58:11">
          <properties>
[...]
</properties>
          <testcase classname="ergast.F1Spec" name="ergast.com public APIs GET /f1 should return list of 20 circuits for 2017 F1 season in JSON format" time="3.209">
                      
                    </testcase><testcase classname="ergast.F1Spec" name="ergast.com public APIs GET /f1 should allow everything in CORS and have header with given length" time="0.198">
                      
                    </testcase><testcase classname="ergast.F1Spec" name="ergast.com public APIs GET /f1 should retrieve first circuit ID for 2017 and assert Location" time="0.568">
                      
                    </testcase><testcase classname="ergast.F1Spec" name="ergast.com public APIs GET /f1 should return list of standings of alonso for renault" time="0.699">
                      
                    </testcase>
          <system-out><![CDATA[]]></system-out>
          <system-err><![CDATA[]]></system-err>
        </testsuite>